{"D:\\coding\\web dev\\react.js\\ep_1\\src\\components\\Contact.js": {"path":"D:\\coding\\web dev\\react.js\\ep_1\\src\\components\\Contact.js","statementMap":{"0":{"start":{"line":1,"column":16},"end":{"line":52,"column":1}},"1":{"start":{"line":2,"column":2},"end":{"line":51,"column":4}}},"fnMap":{"0":{"name":"(anonymous_0)","decl":{"start":{"line":1,"column":16},"end":{"line":1,"column":17}},"loc":{"start":{"line":1,"column":22},"end":{"line":52,"column":1}},"line":1}},"branchMap":{},"s":{"0":1,"1":2},"f":{"0":2},"b":{},"_coverageSchema":"1a1c01bbd47fc00a2c39e90264f33305004495a9","hash":"eb646c3a45796f72723f74e57ed94aa0a004d5b2"}
}
