{"D:\\coding\\web dev\\react.js\\ep_1\\src\\util\\sum.js": {"path":"D:\\coding\\web dev\\react.js\\ep_1\\src\\util\\sum.js","statementMap":{"0":{"start":{"line":1,"column":12},"end":{"line":3,"column":1}},"1":{"start":{"line":2,"column":1},"end":{"line":2,"column":14}}},"fnMap":{"0":{"name":"(anonymous_0)","decl":{"start":{"line":1,"column":12},"end":{"line":1,"column":13}},"loc":{"start":{"line":1,"column":22},"end":{"line":3,"column":1}},"line":1}},"branchMap":{},"s":{"0":1,"1":1},"f":{"0":1},"b":{},"_coverageSchema":"1a1c01bbd47fc00a2c39e90264f33305004495a9","hash":"fec3090d9a03ff7e4baf8570f9d3625e4661b767"}
}
